Created by PLY version 3.11 (http://www.dabeaz.com/ply)

Unused terminals:

    COMENTARIOS_UNA_LINEA
    COMENTARIOS_VARIAS_LINEAS
    SENTENCIA_LOGICA_CICLO
    SENTENCIA_LOGICA_MIENTRAS
    SENTENCIA_LOGICA_OPCIONES
    SENTENCIA_LOGICA_SI
    SENTENCIA_LOGICA_SINO
    SENTENCIA_RETORNO
    SENTENCIA_SALIDA_CICLOS
    SIMBOLO_APERTURA_ARREGLO
    SIMBOLO_APERTURA_BLOQUE
    SIMBOLO_CADENA_TEXTO
    SIMBOLO_CIERRE_ARREGLO
    SIMBOLO_CIERRE_BLOQUE
    SIMBOLO_OPCIONES
    SIMBOLO_OPERACION_LOGICA_IGUAL
    SIMBOLO_OPERACION_LOGICA_MAYOR
    SIMBOLO_OPERACION_LOGICA_MAYOR_IGUAL
    SIMBOLO_OPERACION_LOGICA_MENOR
    SIMBOLO_OPERACION_LOGICA_MENOR_IGUAL
    SIMBOLO_OPERACION_LOGICA_NO_IGUAL

Grammar

Rule 0     S' -> program
Rule 1     program -> bloque
Rule 2     bloque -> sentencia enunciado
Rule 3     enunciado -> sentencia
Rule 4     enunciado -> expresion
Rule 5     enunciado -> enunciado enunciado
Rule 6     sentencia -> sentencia sentencia
Rule 7     sentencia -> sentencia
Rule 8     sentencia -> tipo_dato
Rule 9     expresion -> operacion
Rule 10    operando -> ID_VARIABLE
Rule 11    operando -> NUMERO
Rule 12    operando -> SIMBOLO_DELIMITADOR_APERTURA NUMERO SIMBOLO_DELIMITADOR_CIERRE
Rule 13    tipo_dato -> TIPO_DATO_ENT ID_VARIABLE asignacion
Rule 14    tipo_dato -> TIPO_DATO_DEC ID_VARIABLE asignacion
Rule 15    tipo_dato -> TIPO_DATO_TXT ID_VARIABLE asignacion
Rule 16    tipo_dato -> TIPO_DATO_BIN ID_VARIABLE asignacion
Rule 17    asignacion -> OPERADOR_ASIGNACION NUMERO SIMBOLO_FIN_LINEA
Rule 18    asignacion -> OPERADOR_ASIGNACION TEXTO SIMBOLO_FIN_LINEA
Rule 19    asignacion -> SIMBOLO_FIN_LINEA
Rule 20    operacion -> operando SIMBOLO_OPERACION_ARITMETICA_MAS operando SIMBOLO_FIN_LINEA
Rule 21    operacion -> operando SIMBOLO_OPERACION_ARITMETICA_MENOS operando SIMBOLO_FIN_LINEA
Rule 22    operacion -> operando SIMBOLO_OPERACION_ARITMETICA_POR operando SIMBOLO_FIN_LINEA
Rule 23    operacion -> operando SIMBOLO_OPERACION_ARITMETICA_DIVISION operando SIMBOLO_FIN_LINEA
Rule 24    operacion -> operando SIMBOLO_OPERACION_ARITMETICA_MOD operando SIMBOLO_FIN_LINEA

Terminals, with rules where they appear

COMENTARIOS_UNA_LINEA : 
COMENTARIOS_VARIAS_LINEAS : 
ID_VARIABLE          : 10 13 14 15 16
NUMERO               : 11 12 17
OPERADOR_ASIGNACION  : 17 18
SENTENCIA_LOGICA_CICLO : 
SENTENCIA_LOGICA_MIENTRAS : 
SENTENCIA_LOGICA_OPCIONES : 
SENTENCIA_LOGICA_SI  : 
SENTENCIA_LOGICA_SINO : 
SENTENCIA_RETORNO    : 
SENTENCIA_SALIDA_CICLOS : 
SIMBOLO_APERTURA_ARREGLO : 
SIMBOLO_APERTURA_BLOQUE : 
SIMBOLO_CADENA_TEXTO : 
SIMBOLO_CIERRE_ARREGLO : 
SIMBOLO_CIERRE_BLOQUE : 
SIMBOLO_DELIMITADOR_APERTURA : 12
SIMBOLO_DELIMITADOR_CIERRE : 12
SIMBOLO_FIN_LINEA    : 17 18 19 20 21 22 23 24
SIMBOLO_OPCIONES     : 
SIMBOLO_OPERACION_ARITMETICA_DIVISION : 23
SIMBOLO_OPERACION_ARITMETICA_MAS : 20
SIMBOLO_OPERACION_ARITMETICA_MENOS : 21
SIMBOLO_OPERACION_ARITMETICA_MOD : 24
SIMBOLO_OPERACION_ARITMETICA_POR : 22
SIMBOLO_OPERACION_LOGICA_IGUAL : 
SIMBOLO_OPERACION_LOGICA_MAYOR : 
SIMBOLO_OPERACION_LOGICA_MAYOR_IGUAL : 
SIMBOLO_OPERACION_LOGICA_MENOR : 
SIMBOLO_OPERACION_LOGICA_MENOR_IGUAL : 
SIMBOLO_OPERACION_LOGICA_NO_IGUAL : 
TEXTO                : 18
TIPO_DATO_BIN        : 16
TIPO_DATO_DEC        : 14
TIPO_DATO_ENT        : 13
TIPO_DATO_TXT        : 15
error                : 

Nonterminals, with rules where they appear

asignacion           : 13 14 15 16
bloque               : 1
enunciado            : 2 5 5
expresion            : 4
operacion            : 9
operando             : 20 20 21 21 22 22 23 23 24 24
program              : 0
sentencia            : 2 3 6 6 7
tipo_dato            : 8

Parsing method: LALR

state 0

    (0) S' -> . program
    (1) program -> . bloque
    (2) bloque -> . sentencia enunciado
    (6) sentencia -> . sentencia sentencia
    (7) sentencia -> . sentencia
    (8) sentencia -> . tipo_dato
    (13) tipo_dato -> . TIPO_DATO_ENT ID_VARIABLE asignacion
    (14) tipo_dato -> . TIPO_DATO_DEC ID_VARIABLE asignacion
    (15) tipo_dato -> . TIPO_DATO_TXT ID_VARIABLE asignacion
    (16) tipo_dato -> . TIPO_DATO_BIN ID_VARIABLE asignacion

    TIPO_DATO_ENT   shift and go to state 5
    TIPO_DATO_DEC   shift and go to state 6
    TIPO_DATO_TXT   shift and go to state 7
    TIPO_DATO_BIN   shift and go to state 8

    program                        shift and go to state 1
    bloque                         shift and go to state 2
    sentencia                      shift and go to state 3
    tipo_dato                      shift and go to state 4

state 1

    (0) S' -> program .



state 2

    (1) program -> bloque .

    $end            reduce using rule 1 (program -> bloque .)


state 3

    (2) bloque -> sentencia . enunciado
    (6) sentencia -> sentencia . sentencia
    (7) sentencia -> sentencia .
    (3) enunciado -> . sentencia
    (4) enunciado -> . expresion
    (5) enunciado -> . enunciado enunciado
    (6) sentencia -> . sentencia sentencia
    (7) sentencia -> . sentencia
    (8) sentencia -> . tipo_dato
    (9) expresion -> . operacion
    (13) tipo_dato -> . TIPO_DATO_ENT ID_VARIABLE asignacion
    (14) tipo_dato -> . TIPO_DATO_DEC ID_VARIABLE asignacion
    (15) tipo_dato -> . TIPO_DATO_TXT ID_VARIABLE asignacion
    (16) tipo_dato -> . TIPO_DATO_BIN ID_VARIABLE asignacion
    (20) operacion -> . operando SIMBOLO_OPERACION_ARITMETICA_MAS operando SIMBOLO_FIN_LINEA
    (21) operacion -> . operando SIMBOLO_OPERACION_ARITMETICA_MENOS operando SIMBOLO_FIN_LINEA
    (22) operacion -> . operando SIMBOLO_OPERACION_ARITMETICA_POR operando SIMBOLO_FIN_LINEA
    (23) operacion -> . operando SIMBOLO_OPERACION_ARITMETICA_DIVISION operando SIMBOLO_FIN_LINEA
    (24) operacion -> . operando SIMBOLO_OPERACION_ARITMETICA_MOD operando SIMBOLO_FIN_LINEA
    (10) operando -> . ID_VARIABLE
    (11) operando -> . NUMERO
    (12) operando -> . SIMBOLO_DELIMITADOR_APERTURA NUMERO SIMBOLO_DELIMITADOR_CIERRE

  ! shift/reduce conflict for TIPO_DATO_ENT resolved as shift
  ! shift/reduce conflict for TIPO_DATO_DEC resolved as shift
  ! shift/reduce conflict for TIPO_DATO_TXT resolved as shift
  ! shift/reduce conflict for TIPO_DATO_BIN resolved as shift
  ! shift/reduce conflict for ID_VARIABLE resolved as shift
  ! shift/reduce conflict for NUMERO resolved as shift
  ! shift/reduce conflict for SIMBOLO_DELIMITADOR_APERTURA resolved as shift
    TIPO_DATO_ENT   shift and go to state 5
    TIPO_DATO_DEC   shift and go to state 6
    TIPO_DATO_TXT   shift and go to state 7
    TIPO_DATO_BIN   shift and go to state 8
    ID_VARIABLE     shift and go to state 13
    NUMERO          shift and go to state 15
    SIMBOLO_DELIMITADOR_APERTURA shift and go to state 16

  ! TIPO_DATO_ENT   [ reduce using rule 7 (sentencia -> sentencia .) ]
  ! TIPO_DATO_DEC   [ reduce using rule 7 (sentencia -> sentencia .) ]
  ! TIPO_DATO_TXT   [ reduce using rule 7 (sentencia -> sentencia .) ]
  ! TIPO_DATO_BIN   [ reduce using rule 7 (sentencia -> sentencia .) ]
  ! ID_VARIABLE     [ reduce using rule 7 (sentencia -> sentencia .) ]
  ! NUMERO          [ reduce using rule 7 (sentencia -> sentencia .) ]
  ! SIMBOLO_DELIMITADOR_APERTURA [ reduce using rule 7 (sentencia -> sentencia .) ]

    sentencia                      shift and go to state 9
    enunciado                      shift and go to state 10
    expresion                      shift and go to state 11
    tipo_dato                      shift and go to state 4
    operacion                      shift and go to state 12
    operando                       shift and go to state 14

state 4

    (8) sentencia -> tipo_dato .

    TIPO_DATO_ENT   reduce using rule 8 (sentencia -> tipo_dato .)
    TIPO_DATO_DEC   reduce using rule 8 (sentencia -> tipo_dato .)
    TIPO_DATO_TXT   reduce using rule 8 (sentencia -> tipo_dato .)
    TIPO_DATO_BIN   reduce using rule 8 (sentencia -> tipo_dato .)
    ID_VARIABLE     reduce using rule 8 (sentencia -> tipo_dato .)
    NUMERO          reduce using rule 8 (sentencia -> tipo_dato .)
    SIMBOLO_DELIMITADOR_APERTURA reduce using rule 8 (sentencia -> tipo_dato .)
    $end            reduce using rule 8 (sentencia -> tipo_dato .)


state 5

    (13) tipo_dato -> TIPO_DATO_ENT . ID_VARIABLE asignacion

    ID_VARIABLE     shift and go to state 17


state 6

    (14) tipo_dato -> TIPO_DATO_DEC . ID_VARIABLE asignacion

    ID_VARIABLE     shift and go to state 18


state 7

    (15) tipo_dato -> TIPO_DATO_TXT . ID_VARIABLE asignacion

    ID_VARIABLE     shift and go to state 19


state 8

    (16) tipo_dato -> TIPO_DATO_BIN . ID_VARIABLE asignacion

    ID_VARIABLE     shift and go to state 20


state 9

    (6) sentencia -> sentencia sentencia .
    (3) enunciado -> sentencia .
    (6) sentencia -> sentencia . sentencia
    (7) sentencia -> sentencia .
    (6) sentencia -> . sentencia sentencia
    (7) sentencia -> . sentencia
    (8) sentencia -> . tipo_dato
    (13) tipo_dato -> . TIPO_DATO_ENT ID_VARIABLE asignacion
    (14) tipo_dato -> . TIPO_DATO_DEC ID_VARIABLE asignacion
    (15) tipo_dato -> . TIPO_DATO_TXT ID_VARIABLE asignacion
    (16) tipo_dato -> . TIPO_DATO_BIN ID_VARIABLE asignacion

  ! reduce/reduce conflict for TIPO_DATO_ENT resolved using rule 3 (enunciado -> sentencia .)
  ! reduce/reduce conflict for TIPO_DATO_DEC resolved using rule 3 (enunciado -> sentencia .)
  ! reduce/reduce conflict for TIPO_DATO_TXT resolved using rule 3 (enunciado -> sentencia .)
  ! reduce/reduce conflict for TIPO_DATO_BIN resolved using rule 3 (enunciado -> sentencia .)
  ! reduce/reduce conflict for ID_VARIABLE resolved using rule 3 (enunciado -> sentencia .)
  ! reduce/reduce conflict for NUMERO resolved using rule 3 (enunciado -> sentencia .)
  ! reduce/reduce conflict for SIMBOLO_DELIMITADOR_APERTURA resolved using rule 3 (enunciado -> sentencia .)
  ! reduce/reduce conflict for TIPO_DATO_ENT resolved using rule 3 (enunciado -> sentencia .)
  ! reduce/reduce conflict for TIPO_DATO_DEC resolved using rule 3 (enunciado -> sentencia .)
  ! reduce/reduce conflict for TIPO_DATO_TXT resolved using rule 3 (enunciado -> sentencia .)
  ! reduce/reduce conflict for TIPO_DATO_BIN resolved using rule 3 (enunciado -> sentencia .)
  ! reduce/reduce conflict for ID_VARIABLE resolved using rule 3 (enunciado -> sentencia .)
  ! reduce/reduce conflict for NUMERO resolved using rule 3 (enunciado -> sentencia .)
  ! reduce/reduce conflict for SIMBOLO_DELIMITADOR_APERTURA resolved using rule 3 (enunciado -> sentencia .)
  ! reduce/reduce conflict for $end resolved using rule 3 (enunciado -> sentencia .)
  ! shift/reduce conflict for TIPO_DATO_ENT resolved as shift
  ! shift/reduce conflict for TIPO_DATO_DEC resolved as shift
  ! shift/reduce conflict for TIPO_DATO_TXT resolved as shift
  ! shift/reduce conflict for TIPO_DATO_BIN resolved as shift
    ID_VARIABLE     reduce using rule 3 (enunciado -> sentencia .)
    NUMERO          reduce using rule 3 (enunciado -> sentencia .)
    SIMBOLO_DELIMITADOR_APERTURA reduce using rule 3 (enunciado -> sentencia .)
    $end            reduce using rule 3 (enunciado -> sentencia .)
    TIPO_DATO_ENT   shift and go to state 5
    TIPO_DATO_DEC   shift and go to state 6
    TIPO_DATO_TXT   shift and go to state 7
    TIPO_DATO_BIN   shift and go to state 8

  ! TIPO_DATO_ENT   [ reduce using rule 6 (sentencia -> sentencia sentencia .) ]
  ! TIPO_DATO_DEC   [ reduce using rule 6 (sentencia -> sentencia sentencia .) ]
  ! TIPO_DATO_TXT   [ reduce using rule 6 (sentencia -> sentencia sentencia .) ]
  ! TIPO_DATO_BIN   [ reduce using rule 6 (sentencia -> sentencia sentencia .) ]
  ! ID_VARIABLE     [ reduce using rule 6 (sentencia -> sentencia sentencia .) ]
  ! NUMERO          [ reduce using rule 6 (sentencia -> sentencia sentencia .) ]
  ! SIMBOLO_DELIMITADOR_APERTURA [ reduce using rule 6 (sentencia -> sentencia sentencia .) ]
  ! TIPO_DATO_ENT   [ reduce using rule 3 (enunciado -> sentencia .) ]
  ! TIPO_DATO_DEC   [ reduce using rule 3 (enunciado -> sentencia .) ]
  ! TIPO_DATO_TXT   [ reduce using rule 3 (enunciado -> sentencia .) ]
  ! TIPO_DATO_BIN   [ reduce using rule 3 (enunciado -> sentencia .) ]
  ! TIPO_DATO_ENT   [ reduce using rule 7 (sentencia -> sentencia .) ]
  ! TIPO_DATO_DEC   [ reduce using rule 7 (sentencia -> sentencia .) ]
  ! TIPO_DATO_TXT   [ reduce using rule 7 (sentencia -> sentencia .) ]
  ! TIPO_DATO_BIN   [ reduce using rule 7 (sentencia -> sentencia .) ]
  ! ID_VARIABLE     [ reduce using rule 7 (sentencia -> sentencia .) ]
  ! NUMERO          [ reduce using rule 7 (sentencia -> sentencia .) ]
  ! SIMBOLO_DELIMITADOR_APERTURA [ reduce using rule 7 (sentencia -> sentencia .) ]
  ! $end            [ reduce using rule 7 (sentencia -> sentencia .) ]

    sentencia                      shift and go to state 21
    tipo_dato                      shift and go to state 4

state 10

    (2) bloque -> sentencia enunciado .
    (5) enunciado -> enunciado . enunciado
    (3) enunciado -> . sentencia
    (4) enunciado -> . expresion
    (5) enunciado -> . enunciado enunciado
    (6) sentencia -> . sentencia sentencia
    (7) sentencia -> . sentencia
    (8) sentencia -> . tipo_dato
    (9) expresion -> . operacion
    (13) tipo_dato -> . TIPO_DATO_ENT ID_VARIABLE asignacion
    (14) tipo_dato -> . TIPO_DATO_DEC ID_VARIABLE asignacion
    (15) tipo_dato -> . TIPO_DATO_TXT ID_VARIABLE asignacion
    (16) tipo_dato -> . TIPO_DATO_BIN ID_VARIABLE asignacion
    (20) operacion -> . operando SIMBOLO_OPERACION_ARITMETICA_MAS operando SIMBOLO_FIN_LINEA
    (21) operacion -> . operando SIMBOLO_OPERACION_ARITMETICA_MENOS operando SIMBOLO_FIN_LINEA
    (22) operacion -> . operando SIMBOLO_OPERACION_ARITMETICA_POR operando SIMBOLO_FIN_LINEA
    (23) operacion -> . operando SIMBOLO_OPERACION_ARITMETICA_DIVISION operando SIMBOLO_FIN_LINEA
    (24) operacion -> . operando SIMBOLO_OPERACION_ARITMETICA_MOD operando SIMBOLO_FIN_LINEA
    (10) operando -> . ID_VARIABLE
    (11) operando -> . NUMERO
    (12) operando -> . SIMBOLO_DELIMITADOR_APERTURA NUMERO SIMBOLO_DELIMITADOR_CIERRE

    $end            reduce using rule 2 (bloque -> sentencia enunciado .)
    TIPO_DATO_ENT   shift and go to state 5
    TIPO_DATO_DEC   shift and go to state 6
    TIPO_DATO_TXT   shift and go to state 7
    TIPO_DATO_BIN   shift and go to state 8
    ID_VARIABLE     shift and go to state 13
    NUMERO          shift and go to state 15
    SIMBOLO_DELIMITADOR_APERTURA shift and go to state 16

    sentencia                      shift and go to state 22
    enunciado                      shift and go to state 23
    expresion                      shift and go to state 11
    tipo_dato                      shift and go to state 4
    operacion                      shift and go to state 12
    operando                       shift and go to state 14

state 11

    (4) enunciado -> expresion .

    TIPO_DATO_ENT   reduce using rule 4 (enunciado -> expresion .)
    TIPO_DATO_DEC   reduce using rule 4 (enunciado -> expresion .)
    TIPO_DATO_TXT   reduce using rule 4 (enunciado -> expresion .)
    TIPO_DATO_BIN   reduce using rule 4 (enunciado -> expresion .)
    ID_VARIABLE     reduce using rule 4 (enunciado -> expresion .)
    NUMERO          reduce using rule 4 (enunciado -> expresion .)
    SIMBOLO_DELIMITADOR_APERTURA reduce using rule 4 (enunciado -> expresion .)
    $end            reduce using rule 4 (enunciado -> expresion .)


state 12

    (9) expresion -> operacion .

    TIPO_DATO_ENT   reduce using rule 9 (expresion -> operacion .)
    TIPO_DATO_DEC   reduce using rule 9 (expresion -> operacion .)
    TIPO_DATO_TXT   reduce using rule 9 (expresion -> operacion .)
    TIPO_DATO_BIN   reduce using rule 9 (expresion -> operacion .)
    ID_VARIABLE     reduce using rule 9 (expresion -> operacion .)
    NUMERO          reduce using rule 9 (expresion -> operacion .)
    SIMBOLO_DELIMITADOR_APERTURA reduce using rule 9 (expresion -> operacion .)
    $end            reduce using rule 9 (expresion -> operacion .)


state 13

    (10) operando -> ID_VARIABLE .

    SIMBOLO_OPERACION_ARITMETICA_MAS reduce using rule 10 (operando -> ID_VARIABLE .)
    SIMBOLO_OPERACION_ARITMETICA_MENOS reduce using rule 10 (operando -> ID_VARIABLE .)
    SIMBOLO_OPERACION_ARITMETICA_POR reduce using rule 10 (operando -> ID_VARIABLE .)
    SIMBOLO_OPERACION_ARITMETICA_DIVISION reduce using rule 10 (operando -> ID_VARIABLE .)
    SIMBOLO_OPERACION_ARITMETICA_MOD reduce using rule 10 (operando -> ID_VARIABLE .)
    SIMBOLO_FIN_LINEA reduce using rule 10 (operando -> ID_VARIABLE .)


state 14

    (20) operacion -> operando . SIMBOLO_OPERACION_ARITMETICA_MAS operando SIMBOLO_FIN_LINEA
    (21) operacion -> operando . SIMBOLO_OPERACION_ARITMETICA_MENOS operando SIMBOLO_FIN_LINEA
    (22) operacion -> operando . SIMBOLO_OPERACION_ARITMETICA_POR operando SIMBOLO_FIN_LINEA
    (23) operacion -> operando . SIMBOLO_OPERACION_ARITMETICA_DIVISION operando SIMBOLO_FIN_LINEA
    (24) operacion -> operando . SIMBOLO_OPERACION_ARITMETICA_MOD operando SIMBOLO_FIN_LINEA

    SIMBOLO_OPERACION_ARITMETICA_MAS shift and go to state 24
    SIMBOLO_OPERACION_ARITMETICA_MENOS shift and go to state 25
    SIMBOLO_OPERACION_ARITMETICA_POR shift and go to state 26
    SIMBOLO_OPERACION_ARITMETICA_DIVISION shift and go to state 27
    SIMBOLO_OPERACION_ARITMETICA_MOD shift and go to state 28


state 15

    (11) operando -> NUMERO .

    SIMBOLO_OPERACION_ARITMETICA_MAS reduce using rule 11 (operando -> NUMERO .)
    SIMBOLO_OPERACION_ARITMETICA_MENOS reduce using rule 11 (operando -> NUMERO .)
    SIMBOLO_OPERACION_ARITMETICA_POR reduce using rule 11 (operando -> NUMERO .)
    SIMBOLO_OPERACION_ARITMETICA_DIVISION reduce using rule 11 (operando -> NUMERO .)
    SIMBOLO_OPERACION_ARITMETICA_MOD reduce using rule 11 (operando -> NUMERO .)
    SIMBOLO_FIN_LINEA reduce using rule 11 (operando -> NUMERO .)


state 16

    (12) operando -> SIMBOLO_DELIMITADOR_APERTURA . NUMERO SIMBOLO_DELIMITADOR_CIERRE

    NUMERO          shift and go to state 29


state 17

    (13) tipo_dato -> TIPO_DATO_ENT ID_VARIABLE . asignacion
    (17) asignacion -> . OPERADOR_ASIGNACION NUMERO SIMBOLO_FIN_LINEA
    (18) asignacion -> . OPERADOR_ASIGNACION TEXTO SIMBOLO_FIN_LINEA
    (19) asignacion -> . SIMBOLO_FIN_LINEA

    OPERADOR_ASIGNACION shift and go to state 31
    SIMBOLO_FIN_LINEA shift and go to state 32

    asignacion                     shift and go to state 30

state 18

    (14) tipo_dato -> TIPO_DATO_DEC ID_VARIABLE . asignacion
    (17) asignacion -> . OPERADOR_ASIGNACION NUMERO SIMBOLO_FIN_LINEA
    (18) asignacion -> . OPERADOR_ASIGNACION TEXTO SIMBOLO_FIN_LINEA
    (19) asignacion -> . SIMBOLO_FIN_LINEA

    OPERADOR_ASIGNACION shift and go to state 31
    SIMBOLO_FIN_LINEA shift and go to state 32

    asignacion                     shift and go to state 33

state 19

    (15) tipo_dato -> TIPO_DATO_TXT ID_VARIABLE . asignacion
    (17) asignacion -> . OPERADOR_ASIGNACION NUMERO SIMBOLO_FIN_LINEA
    (18) asignacion -> . OPERADOR_ASIGNACION TEXTO SIMBOLO_FIN_LINEA
    (19) asignacion -> . SIMBOLO_FIN_LINEA

    OPERADOR_ASIGNACION shift and go to state 31
    SIMBOLO_FIN_LINEA shift and go to state 32

    asignacion                     shift and go to state 34

state 20

    (16) tipo_dato -> TIPO_DATO_BIN ID_VARIABLE . asignacion
    (17) asignacion -> . OPERADOR_ASIGNACION NUMERO SIMBOLO_FIN_LINEA
    (18) asignacion -> . OPERADOR_ASIGNACION TEXTO SIMBOLO_FIN_LINEA
    (19) asignacion -> . SIMBOLO_FIN_LINEA

    OPERADOR_ASIGNACION shift and go to state 31
    SIMBOLO_FIN_LINEA shift and go to state 32

    asignacion                     shift and go to state 35

state 21

    (6) sentencia -> sentencia sentencia .
    (6) sentencia -> sentencia . sentencia
    (7) sentencia -> sentencia .
    (6) sentencia -> . sentencia sentencia
    (7) sentencia -> . sentencia
    (8) sentencia -> . tipo_dato
    (13) tipo_dato -> . TIPO_DATO_ENT ID_VARIABLE asignacion
    (14) tipo_dato -> . TIPO_DATO_DEC ID_VARIABLE asignacion
    (15) tipo_dato -> . TIPO_DATO_TXT ID_VARIABLE asignacion
    (16) tipo_dato -> . TIPO_DATO_BIN ID_VARIABLE asignacion

  ! reduce/reduce conflict for TIPO_DATO_ENT resolved using rule 6 (sentencia -> sentencia sentencia .)
  ! reduce/reduce conflict for TIPO_DATO_DEC resolved using rule 6 (sentencia -> sentencia sentencia .)
  ! reduce/reduce conflict for TIPO_DATO_TXT resolved using rule 6 (sentencia -> sentencia sentencia .)
  ! reduce/reduce conflict for TIPO_DATO_BIN resolved using rule 6 (sentencia -> sentencia sentencia .)
  ! reduce/reduce conflict for ID_VARIABLE resolved using rule 6 (sentencia -> sentencia sentencia .)
  ! reduce/reduce conflict for NUMERO resolved using rule 6 (sentencia -> sentencia sentencia .)
  ! reduce/reduce conflict for SIMBOLO_DELIMITADOR_APERTURA resolved using rule 6 (sentencia -> sentencia sentencia .)
  ! reduce/reduce conflict for $end resolved using rule 6 (sentencia -> sentencia sentencia .)
  ! shift/reduce conflict for TIPO_DATO_ENT resolved as shift
  ! shift/reduce conflict for TIPO_DATO_DEC resolved as shift
  ! shift/reduce conflict for TIPO_DATO_TXT resolved as shift
  ! shift/reduce conflict for TIPO_DATO_BIN resolved as shift
    ID_VARIABLE     reduce using rule 6 (sentencia -> sentencia sentencia .)
    NUMERO          reduce using rule 6 (sentencia -> sentencia sentencia .)
    SIMBOLO_DELIMITADOR_APERTURA reduce using rule 6 (sentencia -> sentencia sentencia .)
    $end            reduce using rule 6 (sentencia -> sentencia sentencia .)
    TIPO_DATO_ENT   shift and go to state 5
    TIPO_DATO_DEC   shift and go to state 6
    TIPO_DATO_TXT   shift and go to state 7
    TIPO_DATO_BIN   shift and go to state 8

  ! TIPO_DATO_ENT   [ reduce using rule 6 (sentencia -> sentencia sentencia .) ]
  ! TIPO_DATO_DEC   [ reduce using rule 6 (sentencia -> sentencia sentencia .) ]
  ! TIPO_DATO_TXT   [ reduce using rule 6 (sentencia -> sentencia sentencia .) ]
  ! TIPO_DATO_BIN   [ reduce using rule 6 (sentencia -> sentencia sentencia .) ]
  ! TIPO_DATO_ENT   [ reduce using rule 7 (sentencia -> sentencia .) ]
  ! TIPO_DATO_DEC   [ reduce using rule 7 (sentencia -> sentencia .) ]
  ! TIPO_DATO_TXT   [ reduce using rule 7 (sentencia -> sentencia .) ]
  ! TIPO_DATO_BIN   [ reduce using rule 7 (sentencia -> sentencia .) ]
  ! ID_VARIABLE     [ reduce using rule 7 (sentencia -> sentencia .) ]
  ! NUMERO          [ reduce using rule 7 (sentencia -> sentencia .) ]
  ! SIMBOLO_DELIMITADOR_APERTURA [ reduce using rule 7 (sentencia -> sentencia .) ]
  ! $end            [ reduce using rule 7 (sentencia -> sentencia .) ]

    sentencia                      shift and go to state 21
    tipo_dato                      shift and go to state 4

state 22

    (3) enunciado -> sentencia .
    (6) sentencia -> sentencia . sentencia
    (7) sentencia -> sentencia .
    (6) sentencia -> . sentencia sentencia
    (7) sentencia -> . sentencia
    (8) sentencia -> . tipo_dato
    (13) tipo_dato -> . TIPO_DATO_ENT ID_VARIABLE asignacion
    (14) tipo_dato -> . TIPO_DATO_DEC ID_VARIABLE asignacion
    (15) tipo_dato -> . TIPO_DATO_TXT ID_VARIABLE asignacion
    (16) tipo_dato -> . TIPO_DATO_BIN ID_VARIABLE asignacion

  ! reduce/reduce conflict for TIPO_DATO_ENT resolved using rule 3 (enunciado -> sentencia .)
  ! reduce/reduce conflict for TIPO_DATO_DEC resolved using rule 3 (enunciado -> sentencia .)
  ! reduce/reduce conflict for TIPO_DATO_TXT resolved using rule 3 (enunciado -> sentencia .)
  ! reduce/reduce conflict for TIPO_DATO_BIN resolved using rule 3 (enunciado -> sentencia .)
  ! reduce/reduce conflict for ID_VARIABLE resolved using rule 3 (enunciado -> sentencia .)
  ! reduce/reduce conflict for NUMERO resolved using rule 3 (enunciado -> sentencia .)
  ! reduce/reduce conflict for SIMBOLO_DELIMITADOR_APERTURA resolved using rule 3 (enunciado -> sentencia .)
  ! reduce/reduce conflict for $end resolved using rule 3 (enunciado -> sentencia .)
  ! shift/reduce conflict for TIPO_DATO_ENT resolved as shift
  ! shift/reduce conflict for TIPO_DATO_DEC resolved as shift
  ! shift/reduce conflict for TIPO_DATO_TXT resolved as shift
  ! shift/reduce conflict for TIPO_DATO_BIN resolved as shift
    ID_VARIABLE     reduce using rule 3 (enunciado -> sentencia .)
    NUMERO          reduce using rule 3 (enunciado -> sentencia .)
    SIMBOLO_DELIMITADOR_APERTURA reduce using rule 3 (enunciado -> sentencia .)
    $end            reduce using rule 3 (enunciado -> sentencia .)
    TIPO_DATO_ENT   shift and go to state 5
    TIPO_DATO_DEC   shift and go to state 6
    TIPO_DATO_TXT   shift and go to state 7
    TIPO_DATO_BIN   shift and go to state 8

  ! TIPO_DATO_ENT   [ reduce using rule 3 (enunciado -> sentencia .) ]
  ! TIPO_DATO_DEC   [ reduce using rule 3 (enunciado -> sentencia .) ]
  ! TIPO_DATO_TXT   [ reduce using rule 3 (enunciado -> sentencia .) ]
  ! TIPO_DATO_BIN   [ reduce using rule 3 (enunciado -> sentencia .) ]
  ! TIPO_DATO_ENT   [ reduce using rule 7 (sentencia -> sentencia .) ]
  ! TIPO_DATO_DEC   [ reduce using rule 7 (sentencia -> sentencia .) ]
  ! TIPO_DATO_TXT   [ reduce using rule 7 (sentencia -> sentencia .) ]
  ! TIPO_DATO_BIN   [ reduce using rule 7 (sentencia -> sentencia .) ]
  ! ID_VARIABLE     [ reduce using rule 7 (sentencia -> sentencia .) ]
  ! NUMERO          [ reduce using rule 7 (sentencia -> sentencia .) ]
  ! SIMBOLO_DELIMITADOR_APERTURA [ reduce using rule 7 (sentencia -> sentencia .) ]
  ! $end            [ reduce using rule 7 (sentencia -> sentencia .) ]

    sentencia                      shift and go to state 21
    tipo_dato                      shift and go to state 4

state 23

    (5) enunciado -> enunciado enunciado .
    (5) enunciado -> enunciado . enunciado
    (3) enunciado -> . sentencia
    (4) enunciado -> . expresion
    (5) enunciado -> . enunciado enunciado
    (6) sentencia -> . sentencia sentencia
    (7) sentencia -> . sentencia
    (8) sentencia -> . tipo_dato
    (9) expresion -> . operacion
    (13) tipo_dato -> . TIPO_DATO_ENT ID_VARIABLE asignacion
    (14) tipo_dato -> . TIPO_DATO_DEC ID_VARIABLE asignacion
    (15) tipo_dato -> . TIPO_DATO_TXT ID_VARIABLE asignacion
    (16) tipo_dato -> . TIPO_DATO_BIN ID_VARIABLE asignacion
    (20) operacion -> . operando SIMBOLO_OPERACION_ARITMETICA_MAS operando SIMBOLO_FIN_LINEA
    (21) operacion -> . operando SIMBOLO_OPERACION_ARITMETICA_MENOS operando SIMBOLO_FIN_LINEA
    (22) operacion -> . operando SIMBOLO_OPERACION_ARITMETICA_POR operando SIMBOLO_FIN_LINEA
    (23) operacion -> . operando SIMBOLO_OPERACION_ARITMETICA_DIVISION operando SIMBOLO_FIN_LINEA
    (24) operacion -> . operando SIMBOLO_OPERACION_ARITMETICA_MOD operando SIMBOLO_FIN_LINEA
    (10) operando -> . ID_VARIABLE
    (11) operando -> . NUMERO
    (12) operando -> . SIMBOLO_DELIMITADOR_APERTURA NUMERO SIMBOLO_DELIMITADOR_CIERRE

  ! shift/reduce conflict for TIPO_DATO_ENT resolved as shift
  ! shift/reduce conflict for TIPO_DATO_DEC resolved as shift
  ! shift/reduce conflict for TIPO_DATO_TXT resolved as shift
  ! shift/reduce conflict for TIPO_DATO_BIN resolved as shift
  ! shift/reduce conflict for ID_VARIABLE resolved as shift
  ! shift/reduce conflict for NUMERO resolved as shift
  ! shift/reduce conflict for SIMBOLO_DELIMITADOR_APERTURA resolved as shift
    $end            reduce using rule 5 (enunciado -> enunciado enunciado .)
    TIPO_DATO_ENT   shift and go to state 5
    TIPO_DATO_DEC   shift and go to state 6
    TIPO_DATO_TXT   shift and go to state 7
    TIPO_DATO_BIN   shift and go to state 8
    ID_VARIABLE     shift and go to state 13
    NUMERO          shift and go to state 15
    SIMBOLO_DELIMITADOR_APERTURA shift and go to state 16

  ! TIPO_DATO_ENT   [ reduce using rule 5 (enunciado -> enunciado enunciado .) ]
  ! TIPO_DATO_DEC   [ reduce using rule 5 (enunciado -> enunciado enunciado .) ]
  ! TIPO_DATO_TXT   [ reduce using rule 5 (enunciado -> enunciado enunciado .) ]
  ! TIPO_DATO_BIN   [ reduce using rule 5 (enunciado -> enunciado enunciado .) ]
  ! ID_VARIABLE     [ reduce using rule 5 (enunciado -> enunciado enunciado .) ]
  ! NUMERO          [ reduce using rule 5 (enunciado -> enunciado enunciado .) ]
  ! SIMBOLO_DELIMITADOR_APERTURA [ reduce using rule 5 (enunciado -> enunciado enunciado .) ]

    enunciado                      shift and go to state 23
    sentencia                      shift and go to state 22
    expresion                      shift and go to state 11
    tipo_dato                      shift and go to state 4
    operacion                      shift and go to state 12
    operando                       shift and go to state 14

state 24

    (20) operacion -> operando SIMBOLO_OPERACION_ARITMETICA_MAS . operando SIMBOLO_FIN_LINEA
    (10) operando -> . ID_VARIABLE
    (11) operando -> . NUMERO
    (12) operando -> . SIMBOLO_DELIMITADOR_APERTURA NUMERO SIMBOLO_DELIMITADOR_CIERRE

    ID_VARIABLE     shift and go to state 13
    NUMERO          shift and go to state 15
    SIMBOLO_DELIMITADOR_APERTURA shift and go to state 16

    operando                       shift and go to state 36

state 25

    (21) operacion -> operando SIMBOLO_OPERACION_ARITMETICA_MENOS . operando SIMBOLO_FIN_LINEA
    (10) operando -> . ID_VARIABLE
    (11) operando -> . NUMERO
    (12) operando -> . SIMBOLO_DELIMITADOR_APERTURA NUMERO SIMBOLO_DELIMITADOR_CIERRE

    ID_VARIABLE     shift and go to state 13
    NUMERO          shift and go to state 15
    SIMBOLO_DELIMITADOR_APERTURA shift and go to state 16

    operando                       shift and go to state 37

state 26

    (22) operacion -> operando SIMBOLO_OPERACION_ARITMETICA_POR . operando SIMBOLO_FIN_LINEA
    (10) operando -> . ID_VARIABLE
    (11) operando -> . NUMERO
    (12) operando -> . SIMBOLO_DELIMITADOR_APERTURA NUMERO SIMBOLO_DELIMITADOR_CIERRE

    ID_VARIABLE     shift and go to state 13
    NUMERO          shift and go to state 15
    SIMBOLO_DELIMITADOR_APERTURA shift and go to state 16

    operando                       shift and go to state 38

state 27

    (23) operacion -> operando SIMBOLO_OPERACION_ARITMETICA_DIVISION . operando SIMBOLO_FIN_LINEA
    (10) operando -> . ID_VARIABLE
    (11) operando -> . NUMERO
    (12) operando -> . SIMBOLO_DELIMITADOR_APERTURA NUMERO SIMBOLO_DELIMITADOR_CIERRE

    ID_VARIABLE     shift and go to state 13
    NUMERO          shift and go to state 15
    SIMBOLO_DELIMITADOR_APERTURA shift and go to state 16

    operando                       shift and go to state 39

state 28

    (24) operacion -> operando SIMBOLO_OPERACION_ARITMETICA_MOD . operando SIMBOLO_FIN_LINEA
    (10) operando -> . ID_VARIABLE
    (11) operando -> . NUMERO
    (12) operando -> . SIMBOLO_DELIMITADOR_APERTURA NUMERO SIMBOLO_DELIMITADOR_CIERRE

    ID_VARIABLE     shift and go to state 13
    NUMERO          shift and go to state 15
    SIMBOLO_DELIMITADOR_APERTURA shift and go to state 16

    operando                       shift and go to state 40

state 29

    (12) operando -> SIMBOLO_DELIMITADOR_APERTURA NUMERO . SIMBOLO_DELIMITADOR_CIERRE

    SIMBOLO_DELIMITADOR_CIERRE shift and go to state 41


state 30

    (13) tipo_dato -> TIPO_DATO_ENT ID_VARIABLE asignacion .

    TIPO_DATO_ENT   reduce using rule 13 (tipo_dato -> TIPO_DATO_ENT ID_VARIABLE asignacion .)
    TIPO_DATO_DEC   reduce using rule 13 (tipo_dato -> TIPO_DATO_ENT ID_VARIABLE asignacion .)
    TIPO_DATO_TXT   reduce using rule 13 (tipo_dato -> TIPO_DATO_ENT ID_VARIABLE asignacion .)
    TIPO_DATO_BIN   reduce using rule 13 (tipo_dato -> TIPO_DATO_ENT ID_VARIABLE asignacion .)
    ID_VARIABLE     reduce using rule 13 (tipo_dato -> TIPO_DATO_ENT ID_VARIABLE asignacion .)
    NUMERO          reduce using rule 13 (tipo_dato -> TIPO_DATO_ENT ID_VARIABLE asignacion .)
    SIMBOLO_DELIMITADOR_APERTURA reduce using rule 13 (tipo_dato -> TIPO_DATO_ENT ID_VARIABLE asignacion .)
    $end            reduce using rule 13 (tipo_dato -> TIPO_DATO_ENT ID_VARIABLE asignacion .)


state 31

    (17) asignacion -> OPERADOR_ASIGNACION . NUMERO SIMBOLO_FIN_LINEA
    (18) asignacion -> OPERADOR_ASIGNACION . TEXTO SIMBOLO_FIN_LINEA

    NUMERO          shift and go to state 42
    TEXTO           shift and go to state 43


state 32

    (19) asignacion -> SIMBOLO_FIN_LINEA .

    TIPO_DATO_ENT   reduce using rule 19 (asignacion -> SIMBOLO_FIN_LINEA .)
    TIPO_DATO_DEC   reduce using rule 19 (asignacion -> SIMBOLO_FIN_LINEA .)
    TIPO_DATO_TXT   reduce using rule 19 (asignacion -> SIMBOLO_FIN_LINEA .)
    TIPO_DATO_BIN   reduce using rule 19 (asignacion -> SIMBOLO_FIN_LINEA .)
    ID_VARIABLE     reduce using rule 19 (asignacion -> SIMBOLO_FIN_LINEA .)
    NUMERO          reduce using rule 19 (asignacion -> SIMBOLO_FIN_LINEA .)
    SIMBOLO_DELIMITADOR_APERTURA reduce using rule 19 (asignacion -> SIMBOLO_FIN_LINEA .)
    $end            reduce using rule 19 (asignacion -> SIMBOLO_FIN_LINEA .)


state 33

    (14) tipo_dato -> TIPO_DATO_DEC ID_VARIABLE asignacion .

    TIPO_DATO_ENT   reduce using rule 14 (tipo_dato -> TIPO_DATO_DEC ID_VARIABLE asignacion .)
    TIPO_DATO_DEC   reduce using rule 14 (tipo_dato -> TIPO_DATO_DEC ID_VARIABLE asignacion .)
    TIPO_DATO_TXT   reduce using rule 14 (tipo_dato -> TIPO_DATO_DEC ID_VARIABLE asignacion .)
    TIPO_DATO_BIN   reduce using rule 14 (tipo_dato -> TIPO_DATO_DEC ID_VARIABLE asignacion .)
    ID_VARIABLE     reduce using rule 14 (tipo_dato -> TIPO_DATO_DEC ID_VARIABLE asignacion .)
    NUMERO          reduce using rule 14 (tipo_dato -> TIPO_DATO_DEC ID_VARIABLE asignacion .)
    SIMBOLO_DELIMITADOR_APERTURA reduce using rule 14 (tipo_dato -> TIPO_DATO_DEC ID_VARIABLE asignacion .)
    $end            reduce using rule 14 (tipo_dato -> TIPO_DATO_DEC ID_VARIABLE asignacion .)


state 34

    (15) tipo_dato -> TIPO_DATO_TXT ID_VARIABLE asignacion .

    TIPO_DATO_ENT   reduce using rule 15 (tipo_dato -> TIPO_DATO_TXT ID_VARIABLE asignacion .)
    TIPO_DATO_DEC   reduce using rule 15 (tipo_dato -> TIPO_DATO_TXT ID_VARIABLE asignacion .)
    TIPO_DATO_TXT   reduce using rule 15 (tipo_dato -> TIPO_DATO_TXT ID_VARIABLE asignacion .)
    TIPO_DATO_BIN   reduce using rule 15 (tipo_dato -> TIPO_DATO_TXT ID_VARIABLE asignacion .)
    ID_VARIABLE     reduce using rule 15 (tipo_dato -> TIPO_DATO_TXT ID_VARIABLE asignacion .)
    NUMERO          reduce using rule 15 (tipo_dato -> TIPO_DATO_TXT ID_VARIABLE asignacion .)
    SIMBOLO_DELIMITADOR_APERTURA reduce using rule 15 (tipo_dato -> TIPO_DATO_TXT ID_VARIABLE asignacion .)
    $end            reduce using rule 15 (tipo_dato -> TIPO_DATO_TXT ID_VARIABLE asignacion .)


state 35

    (16) tipo_dato -> TIPO_DATO_BIN ID_VARIABLE asignacion .

    TIPO_DATO_ENT   reduce using rule 16 (tipo_dato -> TIPO_DATO_BIN ID_VARIABLE asignacion .)
    TIPO_DATO_DEC   reduce using rule 16 (tipo_dato -> TIPO_DATO_BIN ID_VARIABLE asignacion .)
    TIPO_DATO_TXT   reduce using rule 16 (tipo_dato -> TIPO_DATO_BIN ID_VARIABLE asignacion .)
    TIPO_DATO_BIN   reduce using rule 16 (tipo_dato -> TIPO_DATO_BIN ID_VARIABLE asignacion .)
    ID_VARIABLE     reduce using rule 16 (tipo_dato -> TIPO_DATO_BIN ID_VARIABLE asignacion .)
    NUMERO          reduce using rule 16 (tipo_dato -> TIPO_DATO_BIN ID_VARIABLE asignacion .)
    SIMBOLO_DELIMITADOR_APERTURA reduce using rule 16 (tipo_dato -> TIPO_DATO_BIN ID_VARIABLE asignacion .)
    $end            reduce using rule 16 (tipo_dato -> TIPO_DATO_BIN ID_VARIABLE asignacion .)


state 36

    (20) operacion -> operando SIMBOLO_OPERACION_ARITMETICA_MAS operando . SIMBOLO_FIN_LINEA

    SIMBOLO_FIN_LINEA shift and go to state 44


state 37

    (21) operacion -> operando SIMBOLO_OPERACION_ARITMETICA_MENOS operando . SIMBOLO_FIN_LINEA

    SIMBOLO_FIN_LINEA shift and go to state 45


state 38

    (22) operacion -> operando SIMBOLO_OPERACION_ARITMETICA_POR operando . SIMBOLO_FIN_LINEA

    SIMBOLO_FIN_LINEA shift and go to state 46


state 39

    (23) operacion -> operando SIMBOLO_OPERACION_ARITMETICA_DIVISION operando . SIMBOLO_FIN_LINEA

    SIMBOLO_FIN_LINEA shift and go to state 47


state 40

    (24) operacion -> operando SIMBOLO_OPERACION_ARITMETICA_MOD operando . SIMBOLO_FIN_LINEA

    SIMBOLO_FIN_LINEA shift and go to state 48


state 41

    (12) operando -> SIMBOLO_DELIMITADOR_APERTURA NUMERO SIMBOLO_DELIMITADOR_CIERRE .

    SIMBOLO_OPERACION_ARITMETICA_MAS reduce using rule 12 (operando -> SIMBOLO_DELIMITADOR_APERTURA NUMERO SIMBOLO_DELIMITADOR_CIERRE .)
    SIMBOLO_OPERACION_ARITMETICA_MENOS reduce using rule 12 (operando -> SIMBOLO_DELIMITADOR_APERTURA NUMERO SIMBOLO_DELIMITADOR_CIERRE .)
    SIMBOLO_OPERACION_ARITMETICA_POR reduce using rule 12 (operando -> SIMBOLO_DELIMITADOR_APERTURA NUMERO SIMBOLO_DELIMITADOR_CIERRE .)
    SIMBOLO_OPERACION_ARITMETICA_DIVISION reduce using rule 12 (operando -> SIMBOLO_DELIMITADOR_APERTURA NUMERO SIMBOLO_DELIMITADOR_CIERRE .)
    SIMBOLO_OPERACION_ARITMETICA_MOD reduce using rule 12 (operando -> SIMBOLO_DELIMITADOR_APERTURA NUMERO SIMBOLO_DELIMITADOR_CIERRE .)
    SIMBOLO_FIN_LINEA reduce using rule 12 (operando -> SIMBOLO_DELIMITADOR_APERTURA NUMERO SIMBOLO_DELIMITADOR_CIERRE .)


state 42

    (17) asignacion -> OPERADOR_ASIGNACION NUMERO . SIMBOLO_FIN_LINEA

    SIMBOLO_FIN_LINEA shift and go to state 49


state 43

    (18) asignacion -> OPERADOR_ASIGNACION TEXTO . SIMBOLO_FIN_LINEA

    SIMBOLO_FIN_LINEA shift and go to state 50


state 44

    (20) operacion -> operando SIMBOLO_OPERACION_ARITMETICA_MAS operando SIMBOLO_FIN_LINEA .

    TIPO_DATO_ENT   reduce using rule 20 (operacion -> operando SIMBOLO_OPERACION_ARITMETICA_MAS operando SIMBOLO_FIN_LINEA .)
    TIPO_DATO_DEC   reduce using rule 20 (operacion -> operando SIMBOLO_OPERACION_ARITMETICA_MAS operando SIMBOLO_FIN_LINEA .)
    TIPO_DATO_TXT   reduce using rule 20 (operacion -> operando SIMBOLO_OPERACION_ARITMETICA_MAS operando SIMBOLO_FIN_LINEA .)
    TIPO_DATO_BIN   reduce using rule 20 (operacion -> operando SIMBOLO_OPERACION_ARITMETICA_MAS operando SIMBOLO_FIN_LINEA .)
    ID_VARIABLE     reduce using rule 20 (operacion -> operando SIMBOLO_OPERACION_ARITMETICA_MAS operando SIMBOLO_FIN_LINEA .)
    NUMERO          reduce using rule 20 (operacion -> operando SIMBOLO_OPERACION_ARITMETICA_MAS operando SIMBOLO_FIN_LINEA .)
    SIMBOLO_DELIMITADOR_APERTURA reduce using rule 20 (operacion -> operando SIMBOLO_OPERACION_ARITMETICA_MAS operando SIMBOLO_FIN_LINEA .)
    $end            reduce using rule 20 (operacion -> operando SIMBOLO_OPERACION_ARITMETICA_MAS operando SIMBOLO_FIN_LINEA .)


state 45

    (21) operacion -> operando SIMBOLO_OPERACION_ARITMETICA_MENOS operando SIMBOLO_FIN_LINEA .

    TIPO_DATO_ENT   reduce using rule 21 (operacion -> operando SIMBOLO_OPERACION_ARITMETICA_MENOS operando SIMBOLO_FIN_LINEA .)
    TIPO_DATO_DEC   reduce using rule 21 (operacion -> operando SIMBOLO_OPERACION_ARITMETICA_MENOS operando SIMBOLO_FIN_LINEA .)
    TIPO_DATO_TXT   reduce using rule 21 (operacion -> operando SIMBOLO_OPERACION_ARITMETICA_MENOS operando SIMBOLO_FIN_LINEA .)
    TIPO_DATO_BIN   reduce using rule 21 (operacion -> operando SIMBOLO_OPERACION_ARITMETICA_MENOS operando SIMBOLO_FIN_LINEA .)
    ID_VARIABLE     reduce using rule 21 (operacion -> operando SIMBOLO_OPERACION_ARITMETICA_MENOS operando SIMBOLO_FIN_LINEA .)
    NUMERO          reduce using rule 21 (operacion -> operando SIMBOLO_OPERACION_ARITMETICA_MENOS operando SIMBOLO_FIN_LINEA .)
    SIMBOLO_DELIMITADOR_APERTURA reduce using rule 21 (operacion -> operando SIMBOLO_OPERACION_ARITMETICA_MENOS operando SIMBOLO_FIN_LINEA .)
    $end            reduce using rule 21 (operacion -> operando SIMBOLO_OPERACION_ARITMETICA_MENOS operando SIMBOLO_FIN_LINEA .)


state 46

    (22) operacion -> operando SIMBOLO_OPERACION_ARITMETICA_POR operando SIMBOLO_FIN_LINEA .

    TIPO_DATO_ENT   reduce using rule 22 (operacion -> operando SIMBOLO_OPERACION_ARITMETICA_POR operando SIMBOLO_FIN_LINEA .)
    TIPO_DATO_DEC   reduce using rule 22 (operacion -> operando SIMBOLO_OPERACION_ARITMETICA_POR operando SIMBOLO_FIN_LINEA .)
    TIPO_DATO_TXT   reduce using rule 22 (operacion -> operando SIMBOLO_OPERACION_ARITMETICA_POR operando SIMBOLO_FIN_LINEA .)
    TIPO_DATO_BIN   reduce using rule 22 (operacion -> operando SIMBOLO_OPERACION_ARITMETICA_POR operando SIMBOLO_FIN_LINEA .)
    ID_VARIABLE     reduce using rule 22 (operacion -> operando SIMBOLO_OPERACION_ARITMETICA_POR operando SIMBOLO_FIN_LINEA .)
    NUMERO          reduce using rule 22 (operacion -> operando SIMBOLO_OPERACION_ARITMETICA_POR operando SIMBOLO_FIN_LINEA .)
    SIMBOLO_DELIMITADOR_APERTURA reduce using rule 22 (operacion -> operando SIMBOLO_OPERACION_ARITMETICA_POR operando SIMBOLO_FIN_LINEA .)
    $end            reduce using rule 22 (operacion -> operando SIMBOLO_OPERACION_ARITMETICA_POR operando SIMBOLO_FIN_LINEA .)


state 47

    (23) operacion -> operando SIMBOLO_OPERACION_ARITMETICA_DIVISION operando SIMBOLO_FIN_LINEA .

    TIPO_DATO_ENT   reduce using rule 23 (operacion -> operando SIMBOLO_OPERACION_ARITMETICA_DIVISION operando SIMBOLO_FIN_LINEA .)
    TIPO_DATO_DEC   reduce using rule 23 (operacion -> operando SIMBOLO_OPERACION_ARITMETICA_DIVISION operando SIMBOLO_FIN_LINEA .)
    TIPO_DATO_TXT   reduce using rule 23 (operacion -> operando SIMBOLO_OPERACION_ARITMETICA_DIVISION operando SIMBOLO_FIN_LINEA .)
    TIPO_DATO_BIN   reduce using rule 23 (operacion -> operando SIMBOLO_OPERACION_ARITMETICA_DIVISION operando SIMBOLO_FIN_LINEA .)
    ID_VARIABLE     reduce using rule 23 (operacion -> operando SIMBOLO_OPERACION_ARITMETICA_DIVISION operando SIMBOLO_FIN_LINEA .)
    NUMERO          reduce using rule 23 (operacion -> operando SIMBOLO_OPERACION_ARITMETICA_DIVISION operando SIMBOLO_FIN_LINEA .)
    SIMBOLO_DELIMITADOR_APERTURA reduce using rule 23 (operacion -> operando SIMBOLO_OPERACION_ARITMETICA_DIVISION operando SIMBOLO_FIN_LINEA .)
    $end            reduce using rule 23 (operacion -> operando SIMBOLO_OPERACION_ARITMETICA_DIVISION operando SIMBOLO_FIN_LINEA .)


state 48

    (24) operacion -> operando SIMBOLO_OPERACION_ARITMETICA_MOD operando SIMBOLO_FIN_LINEA .

    TIPO_DATO_ENT   reduce using rule 24 (operacion -> operando SIMBOLO_OPERACION_ARITMETICA_MOD operando SIMBOLO_FIN_LINEA .)
    TIPO_DATO_DEC   reduce using rule 24 (operacion -> operando SIMBOLO_OPERACION_ARITMETICA_MOD operando SIMBOLO_FIN_LINEA .)
    TIPO_DATO_TXT   reduce using rule 24 (operacion -> operando SIMBOLO_OPERACION_ARITMETICA_MOD operando SIMBOLO_FIN_LINEA .)
    TIPO_DATO_BIN   reduce using rule 24 (operacion -> operando SIMBOLO_OPERACION_ARITMETICA_MOD operando SIMBOLO_FIN_LINEA .)
    ID_VARIABLE     reduce using rule 24 (operacion -> operando SIMBOLO_OPERACION_ARITMETICA_MOD operando SIMBOLO_FIN_LINEA .)
    NUMERO          reduce using rule 24 (operacion -> operando SIMBOLO_OPERACION_ARITMETICA_MOD operando SIMBOLO_FIN_LINEA .)
    SIMBOLO_DELIMITADOR_APERTURA reduce using rule 24 (operacion -> operando SIMBOLO_OPERACION_ARITMETICA_MOD operando SIMBOLO_FIN_LINEA .)
    $end            reduce using rule 24 (operacion -> operando SIMBOLO_OPERACION_ARITMETICA_MOD operando SIMBOLO_FIN_LINEA .)


state 49

    (17) asignacion -> OPERADOR_ASIGNACION NUMERO SIMBOLO_FIN_LINEA .

    TIPO_DATO_ENT   reduce using rule 17 (asignacion -> OPERADOR_ASIGNACION NUMERO SIMBOLO_FIN_LINEA .)
    TIPO_DATO_DEC   reduce using rule 17 (asignacion -> OPERADOR_ASIGNACION NUMERO SIMBOLO_FIN_LINEA .)
    TIPO_DATO_TXT   reduce using rule 17 (asignacion -> OPERADOR_ASIGNACION NUMERO SIMBOLO_FIN_LINEA .)
    TIPO_DATO_BIN   reduce using rule 17 (asignacion -> OPERADOR_ASIGNACION NUMERO SIMBOLO_FIN_LINEA .)
    ID_VARIABLE     reduce using rule 17 (asignacion -> OPERADOR_ASIGNACION NUMERO SIMBOLO_FIN_LINEA .)
    NUMERO          reduce using rule 17 (asignacion -> OPERADOR_ASIGNACION NUMERO SIMBOLO_FIN_LINEA .)
    SIMBOLO_DELIMITADOR_APERTURA reduce using rule 17 (asignacion -> OPERADOR_ASIGNACION NUMERO SIMBOLO_FIN_LINEA .)
    $end            reduce using rule 17 (asignacion -> OPERADOR_ASIGNACION NUMERO SIMBOLO_FIN_LINEA .)


state 50

    (18) asignacion -> OPERADOR_ASIGNACION TEXTO SIMBOLO_FIN_LINEA .

    TIPO_DATO_ENT   reduce using rule 18 (asignacion -> OPERADOR_ASIGNACION TEXTO SIMBOLO_FIN_LINEA .)
    TIPO_DATO_DEC   reduce using rule 18 (asignacion -> OPERADOR_ASIGNACION TEXTO SIMBOLO_FIN_LINEA .)
    TIPO_DATO_TXT   reduce using rule 18 (asignacion -> OPERADOR_ASIGNACION TEXTO SIMBOLO_FIN_LINEA .)
    TIPO_DATO_BIN   reduce using rule 18 (asignacion -> OPERADOR_ASIGNACION TEXTO SIMBOLO_FIN_LINEA .)
    ID_VARIABLE     reduce using rule 18 (asignacion -> OPERADOR_ASIGNACION TEXTO SIMBOLO_FIN_LINEA .)
    NUMERO          reduce using rule 18 (asignacion -> OPERADOR_ASIGNACION TEXTO SIMBOLO_FIN_LINEA .)
    SIMBOLO_DELIMITADOR_APERTURA reduce using rule 18 (asignacion -> OPERADOR_ASIGNACION TEXTO SIMBOLO_FIN_LINEA .)
    $end            reduce using rule 18 (asignacion -> OPERADOR_ASIGNACION TEXTO SIMBOLO_FIN_LINEA .)

WARNING: 
WARNING: Conflicts:
WARNING: 
WARNING: shift/reduce conflict for TIPO_DATO_ENT in state 3 resolved as shift
WARNING: shift/reduce conflict for TIPO_DATO_DEC in state 3 resolved as shift
WARNING: shift/reduce conflict for TIPO_DATO_TXT in state 3 resolved as shift
WARNING: shift/reduce conflict for TIPO_DATO_BIN in state 3 resolved as shift
WARNING: shift/reduce conflict for ID_VARIABLE in state 3 resolved as shift
WARNING: shift/reduce conflict for NUMERO in state 3 resolved as shift
WARNING: shift/reduce conflict for SIMBOLO_DELIMITADOR_APERTURA in state 3 resolved as shift
WARNING: shift/reduce conflict for TIPO_DATO_ENT in state 9 resolved as shift
WARNING: shift/reduce conflict for TIPO_DATO_DEC in state 9 resolved as shift
WARNING: shift/reduce conflict for TIPO_DATO_TXT in state 9 resolved as shift
WARNING: shift/reduce conflict for TIPO_DATO_BIN in state 9 resolved as shift
WARNING: shift/reduce conflict for TIPO_DATO_ENT in state 21 resolved as shift
WARNING: shift/reduce conflict for TIPO_DATO_DEC in state 21 resolved as shift
WARNING: shift/reduce conflict for TIPO_DATO_TXT in state 21 resolved as shift
WARNING: shift/reduce conflict for TIPO_DATO_BIN in state 21 resolved as shift
WARNING: shift/reduce conflict for TIPO_DATO_ENT in state 22 resolved as shift
WARNING: shift/reduce conflict for TIPO_DATO_DEC in state 22 resolved as shift
WARNING: shift/reduce conflict for TIPO_DATO_TXT in state 22 resolved as shift
WARNING: shift/reduce conflict for TIPO_DATO_BIN in state 22 resolved as shift
WARNING: shift/reduce conflict for TIPO_DATO_ENT in state 23 resolved as shift
WARNING: shift/reduce conflict for TIPO_DATO_DEC in state 23 resolved as shift
WARNING: shift/reduce conflict for TIPO_DATO_TXT in state 23 resolved as shift
WARNING: shift/reduce conflict for TIPO_DATO_BIN in state 23 resolved as shift
WARNING: shift/reduce conflict for ID_VARIABLE in state 23 resolved as shift
WARNING: shift/reduce conflict for NUMERO in state 23 resolved as shift
WARNING: shift/reduce conflict for SIMBOLO_DELIMITADOR_APERTURA in state 23 resolved as shift
WARNING: reduce/reduce conflict in state 9 resolved using rule (enunciado -> sentencia)
WARNING: rejected rule (sentencia -> sentencia sentencia) in state 9
WARNING: reduce/reduce conflict in state 9 resolved using rule (enunciado -> sentencia)
WARNING: rejected rule (sentencia -> sentencia) in state 9
WARNING: reduce/reduce conflict in state 21 resolved using rule (sentencia -> sentencia sentencia)
WARNING: rejected rule (sentencia -> sentencia) in state 21
WARNING: reduce/reduce conflict in state 22 resolved using rule (enunciado -> sentencia)
WARNING: rejected rule (sentencia -> sentencia) in state 22
WARNING: Rule (sentencia -> sentencia) is never reduced
